<?xml version="1.0" encoding="UTF-8"?>
<coverage generated="1675286459958" clover="3.2.0">
  <project timestamp="1675286459958" name="All files">
    <metrics statements="31" coveredstatements="12" conditionals="0" coveredconditionals="0" methods="11" coveredmethods="3" elements="42" coveredelements="15" complexity="0" loc="31" ncloc="31" packages="1" files="1" classes="1"/>
    <file name="taskCollection.js" path="D:\a_programming\microverse\microvers-class\module-2\week-3\To-Do-List(jose andre)\src\modules\taskCollection.js">
      <metrics statements="31" coveredstatements="12" conditionals="0" coveredconditionals="0" methods="11" coveredmethods="3"/>
      <line num="3" count="1" type="stmt"/>
      <line num="6" count="1" type="stmt"/>
      <line num="7" count="1" type="stmt"/>
      <line num="12" count="1" type="stmt"/>
      <line num="13" count="1" type="stmt"/>
      <line num="16" count="1" type="stmt"/>
      <line num="17" count="0" type="stmt"/>
      <line num="18" count="0" type="stmt"/>
      <line num="19" count="0" type="stmt"/>
      <line num="21" count="0" type="stmt"/>
      <line num="22" count="0" type="stmt"/>
      <line num="23" count="0" type="stmt"/>
      <line num="26" count="1" type="stmt"/>
      <line num="27" count="0" type="stmt"/>
      <line num="28" count="0" type="stmt"/>
      <line num="29" count="0" type="stmt"/>
      <line num="32" count="1" type="stmt"/>
      <line num="33" count="0" type="stmt"/>
      <line num="34" count="0" type="stmt"/>
      <line num="37" count="1" type="stmt"/>
      <line num="38" count="0" type="stmt"/>
      <line num="39" count="0" type="stmt"/>
      <line num="40" count="0" type="stmt"/>
      <line num="42" count="0" type="stmt"/>
      <line num="43" count="0" type="stmt"/>
      <line num="44" count="0" type="stmt"/>
      <line num="47" count="1" type="stmt"/>
      <line num="48" count="0" type="stmt"/>
      <line num="51" count="1" type="stmt"/>
      <line num="53" count="1" type="stmt"/>
      <line num="54" count="0" type="stmt"/>
    </file>
  </project>
</coverage>
