<?xml version="1.0" encoding="UTF-8"?>
<coverage generated="1675291483826" clover="3.2.0">
  <project timestamp="1675291483826" name="All files">
    <metrics statements="23" coveredstatements="14" conditionals="0" coveredconditionals="0" methods="11" coveredmethods="5" elements="34" coveredelements="19" complexity="0" loc="23" ncloc="23" packages="1" files="1" classes="1"/>
    <file name="todoList.js" path="D:\a_programming\microverse\microvers-class\module-2\week-3\To-Do-List(jose andre)\src\modules\todoList.js">
      <metrics statements="23" coveredstatements="14" conditionals="0" coveredconditionals="0" methods="11" coveredmethods="5"/>
      <line num="3" count="1" type="stmt"/>
      <line num="6" count="1" type="stmt"/>
      <line num="7" count="1" type="stmt"/>
      <line num="12" count="1" type="stmt"/>
      <line num="15" count="1" type="stmt"/>
      <line num="16" count="1" type="stmt"/>
      <line num="17" count="1" type="stmt"/>
      <line num="18" count="0" type="stmt"/>
      <line num="20" count="1" type="stmt"/>
      <line num="23" count="1" type="stmt"/>
      <line num="24" count="0" type="stmt"/>
      <line num="27" count="1" type="stmt"/>
      <line num="28" count="0" type="stmt"/>
      <line num="31" count="1" type="stmt"/>
      <line num="32" count="0" type="stmt"/>
      <line num="33" count="0" type="stmt"/>
      <line num="34" count="0" type="stmt"/>
      <line num="36" count="0" type="stmt"/>
      <line num="39" count="1" type="stmt"/>
      <line num="40" count="0" type="stmt"/>
      <line num="43" count="2" type="stmt"/>
      <line num="45" count="1" type="stmt"/>
      <line num="46" count="0" type="stmt"/>
    </file>
  </project>
</coverage>
