{"D:\\a_programming\\microverse\\microvers-class\\module-2\\week-3\\To-Do-List(jose andre)\\src\\modules\\taskCollection.js": {"path":"D:\\a_programming\\microverse\\microvers-class\\module-2\\week-3\\To-Do-List(jose andre)\\src\\modules\\taskCollection.js","statementMap":{"0":{"start":{"line":3,"column":4},"end":{"line":3,"column":20}},"1":{"start":{"line":6,"column":14},"end":{"line":14,"column":5}},"2":{"start":{"line":7,"column":22},"end":{"line":11,"column":7}},"3":{"start":{"line":12,"column":6},"end":{"line":12,"column":31}},"4":{"start":{"line":13,"column":6},"end":{"line":13,"column":76}},"5":{"start":{"line":16,"column":17},"end":{"line":24,"column":5}},"6":{"start":{"line":17,"column":21},"end":{"line":17,"column":64}},"7":{"start":{"line":17,"column":52},"end":{"line":17,"column":63}},"8":{"start":{"line":18,"column":6},"end":{"line":20,"column":7}},"9":{"start":{"line":18,"column":19},"end":{"line":18,"column":24}},"10":{"start":{"line":19,"column":8},"end":{"line":19,"column":29}},"11":{"start":{"line":21,"column":6},"end":{"line":21,"column":26}},"12":{"start":{"line":22,"column":6},"end":{"line":22,"column":76}},"13":{"start":{"line":23,"column":6},"end":{"line":23,"column":31}},"14":{"start":{"line":26,"column":16},"end":{"line":30,"column":5}},"15":{"start":{"line":27,"column":6},"end":{"line":27,"column":22}},"16":{"start":{"line":28,"column":6},"end":{"line":28,"column":76}},"17":{"start":{"line":29,"column":6},"end":{"line":29,"column":31}},"18":{"start":{"line":32,"column":15},"end":{"line":35,"column":5}},"19":{"start":{"line":33,"column":6},"end":{"line":33,"column":43}},"20":{"start":{"line":34,"column":6},"end":{"line":34,"column":76}},"21":{"start":{"line":37,"column":24},"end":{"line":45,"column":5}},"22":{"start":{"line":38,"column":21},"end":{"line":38,"column":65}},"23":{"start":{"line":38,"column":49},"end":{"line":38,"column":64}},"24":{"start":{"line":39,"column":6},"end":{"line":41,"column":7}},"25":{"start":{"line":39,"column":19},"end":{"line":39,"column":20}},"26":{"start":{"line":40,"column":8},"end":{"line":40,"column":32}},"27":{"start":{"line":42,"column":6},"end":{"line":42,"column":26}},"28":{"start":{"line":43,"column":6},"end":{"line":43,"column":76}},"29":{"start":{"line":44,"column":6},"end":{"line":44,"column":31}},"30":{"start":{"line":47,"column":19},"end":{"line":49,"column":5}},"31":{"start":{"line":48,"column":6},"end":{"line":48,"column":42}},"32":{"start":{"line":51,"column":15},"end":{"line":51,"column":31}},"33":{"start":{"line":51,"column":21},"end":{"line":51,"column":31}},"34":{"start":{"line":53,"column":15},"end":{"line":55,"column":5}},"35":{"start":{"line":54,"column":6},"end":{"line":54,"column":25}}},"fnMap":{"0":{"name":"(anonymous_0)","decl":{"start":{"line":2,"column":2},"end":{"line":2,"column":3}},"loc":{"start":{"line":2,"column":16},"end":{"line":4,"column":3}},"line":2},"1":{"name":"(anonymous_1)","decl":{"start":{"line":6,"column":14},"end":{"line":6,"column":15}},"loc":{"start":{"line":6,"column":24},"end":{"line":14,"column":5}},"line":6},"2":{"name":"(anonymous_2)","decl":{"start":{"line":16,"column":17},"end":{"line":16,"column":18}},"loc":{"start":{"line":16,"column":28},"end":{"line":24,"column":5}},"line":16},"3":{"name":"(anonymous_3)","decl":{"start":{"line":17,"column":39},"end":{"line":17,"column":40}},"loc":{"start":{"line":17,"column":52},"end":{"line":17,"column":63}},"line":17},"4":{"name":"(anonymous_4)","decl":{"start":{"line":26,"column":16},"end":{"line":26,"column":17}},"loc":{"start":{"line":26,"column":22},"end":{"line":30,"column":5}},"line":26},"5":{"name":"(anonymous_5)","decl":{"start":{"line":32,"column":15},"end":{"line":32,"column":16}},"loc":{"start":{"line":32,"column":32},"end":{"line":35,"column":5}},"line":32},"6":{"name":"(anonymous_6)","decl":{"start":{"line":37,"column":24},"end":{"line":37,"column":25}},"loc":{"start":{"line":37,"column":30},"end":{"line":45,"column":5}},"line":37},"7":{"name":"(anonymous_7)","decl":{"start":{"line":38,"column":39},"end":{"line":38,"column":40}},"loc":{"start":{"line":38,"column":49},"end":{"line":38,"column":64}},"line":38},"8":{"name":"(anonymous_8)","decl":{"start":{"line":47,"column":19},"end":{"line":47,"column":20}},"loc":{"start":{"line":47,"column":37},"end":{"line":49,"column":5}},"line":47},"9":{"name":"(anonymous_9)","decl":{"start":{"line":51,"column":15},"end":{"line":51,"column":16}},"loc":{"start":{"line":51,"column":21},"end":{"line":51,"column":31}},"line":51},"10":{"name":"(anonymous_10)","decl":{"start":{"line":53,"column":15},"end":{"line":53,"column":16}},"loc":{"start":{"line":53,"column":26},"end":{"line":55,"column":5}},"line":53}},"branchMap":{},"s":{"0":1,"1":1,"2":1,"3":1,"4":1,"5":1,"6":0,"7":0,"8":0,"9":0,"10":0,"11":0,"12":0,"13":0,"14":1,"15":0,"16":0,"17":0,"18":1,"19":0,"20":0,"21":1,"22":0,"23":0,"24":0,"25":0,"26":0,"27":0,"28":0,"29":0,"30":1,"31":0,"32":1,"33":1,"34":1,"35":0},"f":{"0":1,"1":1,"2":0,"3":0,"4":0,"5":0,"6":0,"7":0,"8":0,"9":1,"10":0},"b":{},"_coverageSchema":"1a1c01bbd47fc00a2c39e90264f33305004495a9","hash":"15c0a1e4801f3ae9da721f200bab20fc779ab96b"}
}
